<?xml version="1.0" encoding="UTF-8"?>
<!-- Generated by org.testng.reporters.JUnitReportReporter -->
<testsuite hostname="LAPTOP-4UGRMRTF" failures="0" tests="1" name="example.NewTest" time="7.293" errors="0" timestamp="6 Jun 2021 05:59:02 GMT">
  <testcase classname="example.NewTest" name="testEasy" time="7.293"/>
</testsuite> <!-- example.NewTest -->
