<?xml version="1.0" encoding="UTF-8"?>
<!-- Generated by org.testng.reporters.JUnitReportReporter -->
<testsuite hostname="LAPTOP-4UGRMRTF" failures="0" tests="10" name="example.NewTest" time="62.352" errors="0" timestamp="10 Jun 2021 10:47:30 GMT">
  <testcase classname="example.NewTest" name="testEasy6" time="3.088"/>
  <testcase classname="example.NewTest" name="testEasy8" time="10.672"/>
  <testcase classname="example.NewTest" name="testEasy2" time="6.789"/>
  <testcase classname="example.NewTest" name="testEasy7" time="3.166"/>
  <testcase classname="example.NewTest" name="testEasy9" time="10.861"/>
  <testcase classname="example.NewTest" name="testEasy4" time="16.907"/>
  <testcase classname="example.NewTest" name="testEasy10" time="6.224"/>
  <testcase classname="example.NewTest" name="testEasy5" time="0.635"/>
  <testcase classname="example.NewTest" name="testEasy3" time="0.881"/>
  <testcase classname="example.NewTest" name="testEasy1" time="3.129"/>
</testsuite> <!-- example.NewTest -->
