<?xml version="1.0" encoding="UTF-8"?>
<!-- Generated by org.testng.reporters.JUnitReportReporter -->
<testsuite hostname="LAPTOP-4UGRMRTF" failures="0" tests="1" name="example.NewTest" time="6.186" errors="0" timestamp="6 Jun 2021 13:25:53 GMT">
  <testcase classname="example.NewTest" name="testEasy" time="6.186"/>
</testsuite> <!-- example.NewTest -->
