<?xml version="1.0" encoding="UTF-8"?>
<!-- Generated by org.testng.reporters.JUnitReportReporter -->
<testsuite hostname="LAPTOP-4UGRMRTF" failures="0" tests="1" name="example.NewTest" time="12.741" errors="0" timestamp="5 Jun 2021 11:33:39 GMT">
  <testcase classname="example.NewTest" name="testEasy" time="12.741"/>
</testsuite> <!-- example.NewTest -->
